#! /usr/bin/vvp
:ivl_version "0.9.7 " "(v0_9_7)";
:vpi_time_precision - 10;
:vpi_module "system";
:vpi_module "v2005_math";
:vpi_module "va_math";
S_0x1f73cb0 .scope module, "top" "top" 2 1;
 .timescale -9 -10;
v0x1f9cf60_0 .net "clk", 0 0, C4<z>; 0 drivers
v0x1f9d010_0 .var "oCOM", 3 0;
v0x1f9d090_0 .net "oSEG", 6 0, C4<zzzzzzz>; 0 drivers
v0x1f9d130_0 .var "oSEGDP", 0 0;
v0x1f9d1e0_0 .net "reset_n", 0 0, C4<z>; 0 drivers
v0x1f9d290_0 .net "seg7_out", 0 0, L_0x1f9d480; 1 drivers
v0x1f9d310_0 .net "seg7_sel", 0 0, L_0x1f9d5a0; 1 drivers
v0x1f9d3b0_0 .net "seg7dp_out", 0 0, v0x1f9cc90_0; 1 drivers
L_0x1f9d480 .part v0x1f74000_0, 0, 1;
L_0x1f9d5a0 .part v0x1f9cb30_0, 0, 1;
S_0x1f74510 .scope module, "seg7_disp4_inst" "seg7_disp4" 2 14, 3 2, S_0x1f73cb0;
 .timescale -9 -10;
P_0x1f4d698 .param/l "DISP0" 3 12, C4<00010>;
P_0x1f4d6c0 .param/l "DISP1" 3 13, C4<00100>;
P_0x1f4d6e8 .param/l "DISP2" 3 14, C4<01000>;
P_0x1f4d710 .param/l "DISP3" 3 15, C4<10000>;
P_0x1f4d738 .param/l "IDLE" 3 11, C4<00000>;
v0x1f9c930_0 .alias "clk", 0 0, v0x1f9cf60_0;
v0x1f9c9f0_0 .net "digitals", 15 0, C4<0100001100100010>; 1 drivers
v0x1f9ca90_0 .var "nxstate", 4 0;
v0x1f9cb30_0 .var "oCOM", 3 0;
v0x1f9cbe0_0 .net "oSEG", 6 0, v0x1f74000_0; 1 drivers
v0x1f9cc90_0 .var "oSEGDP", 0 0;
v0x1f9cd50_0 .alias "reset_n", 0 0, v0x1f9d1e0_0;
v0x1f9cdf0_0 .var "state", 4 0;
v0x1f9cee0_0 .var "tmp_reg", 3 0;
E_0x1f73f30 .event edge, v0x1f9c9f0_0, v0x1f9cdf0_0;
E_0x1f746e0 .event edge, v0x1f9cdf0_0;
E_0x1f4d770/0 .event negedge, v0x1f9cd50_0;
E_0x1f4d770/1 .event posedge, v0x1f9c930_0;
E_0x1f4d770 .event/or E_0x1f4d770/0, E_0x1f4d770/1;
S_0x1f4d7a0 .scope module, "seg7_decode_inst" "seg7_decode" 3 75, 4 2, S_0x1f74510;
 .timescale -9 -10;
v0x1f74000_0 .var "oSEG7", 6 0;
v0x1f9c890_0 .net "seg7_in", 3 0, v0x1f9cee0_0; 1 drivers
E_0x1f4d890 .event edge, v0x1f9c890_0;
    .scope S_0x1f4d7a0;
T_0 ;
    %wait E_0x1f4d890;
    %load/v 8, v0x1f9c890_0, 4;
    %cmpi/u 8, 0, 4;
    %jmp/1 T_0.0, 6;
    %cmpi/u 8, 1, 4;
    %jmp/1 T_0.1, 6;
    %cmpi/u 8, 2, 4;
    %jmp/1 T_0.2, 6;
    %cmpi/u 8, 3, 4;
    %jmp/1 T_0.3, 6;
    %cmpi/u 8, 4, 4;
    %jmp/1 T_0.4, 6;
    %cmpi/u 8, 5, 4;
    %jmp/1 T_0.5, 6;
    %cmpi/u 8, 6, 4;
    %jmp/1 T_0.6, 6;
    %cmpi/u 8, 7, 4;
    %jmp/1 T_0.7, 6;
    %cmpi/u 8, 8, 4;
    %jmp/1 T_0.8, 6;
    %cmpi/u 8, 9, 4;
    %jmp/1 T_0.9, 6;
    %set/v v0x1f74000_0, 1, 7;
    %jmp T_0.11;
T_0.0 ;
    %movi 8, 64, 7;
    %set/v v0x1f74000_0, 8, 7;
    %jmp T_0.11;
T_0.1 ;
    %movi 8, 121, 7;
    %set/v v0x1f74000_0, 8, 7;
    %jmp T_0.11;
T_0.2 ;
    %movi 8, 36, 7;
    %set/v v0x1f74000_0, 8, 7;
    %jmp T_0.11;
T_0.3 ;
    %movi 8, 48, 7;
    %set/v v0x1f74000_0, 8, 7;
    %jmp T_0.11;
T_0.4 ;
    %movi 8, 25, 7;
    %set/v v0x1f74000_0, 8, 7;
    %jmp T_0.11;
T_0.5 ;
    %movi 8, 18, 7;
    %set/v v0x1f74000_0, 8, 7;
    %jmp T_0.11;
T_0.6 ;
    %movi 8, 2, 7;
    %set/v v0x1f74000_0, 8, 7;
    %jmp T_0.11;
T_0.7 ;
    %movi 8, 120, 7;
    %set/v v0x1f74000_0, 8, 7;
    %jmp T_0.11;
T_0.8 ;
    %set/v v0x1f74000_0, 0, 7;
    %jmp T_0.11;
T_0.9 ;
    %movi 8, 16, 7;
    %set/v v0x1f74000_0, 8, 7;
    %jmp T_0.11;
T_0.11 ;
    %jmp T_0;
    .thread T_0, $push;
    .scope S_0x1f74510;
T_1 ;
    %wait E_0x1f4d770;
    %load/v 8, v0x1f9cd50_0, 1;
    %inv 8, 1;
    %jmp/0xz  T_1.0, 8;
    %ix/load 0, 5, 0;
    %assign/v0 v0x1f9cdf0_0, 0, 0;
    %jmp T_1.1;
T_1.0 ;
    %load/v 8, v0x1f9ca90_0, 5;
    %ix/load 0, 5, 0;
    %assign/v0 v0x1f9cdf0_0, 0, 8;
T_1.1 ;
    %jmp T_1;
    .thread T_1;
    .scope S_0x1f74510;
T_2 ;
    %wait E_0x1f746e0;
    %load/v 8, v0x1f9cdf0_0, 5;
    %cmpi/u 8, 0, 5;
    %jmp/1 T_2.0, 6;
    %cmpi/u 8, 2, 5;
    %jmp/1 T_2.1, 6;
    %cmpi/u 8, 4, 5;
    %jmp/1 T_2.2, 6;
    %cmpi/u 8, 8, 5;
    %jmp/1 T_2.3, 6;
    %cmpi/u 8, 16, 5;
    %jmp/1 T_2.4, 6;
    %ix/load 0, 5, 0;
    %assign/v0 v0x1f9ca90_0, 0, 0;
    %jmp T_2.6;
T_2.0 ;
    %movi 8, 2, 5;
    %ix/load 0, 5, 0;
    %assign/v0 v0x1f9ca90_0, 0, 8;
    %jmp T_2.6;
T_2.1 ;
    %movi 8, 4, 5;
    %ix/load 0, 5, 0;
    %assign/v0 v0x1f9ca90_0, 0, 8;
    %jmp T_2.6;
T_2.2 ;
    %movi 8, 8, 5;
    %ix/load 0, 5, 0;
    %assign/v0 v0x1f9ca90_0, 0, 8;
    %jmp T_2.6;
T_2.3 ;
    %movi 8, 16, 5;
    %ix/load 0, 5, 0;
    %assign/v0 v0x1f9ca90_0, 0, 8;
    %jmp T_2.6;
T_2.4 ;
    %movi 8, 2, 5;
    %ix/load 0, 5, 0;
    %assign/v0 v0x1f9ca90_0, 0, 8;
    %jmp T_2.6;
T_2.6 ;
    %jmp T_2;
    .thread T_2, $push;
    .scope S_0x1f74510;
T_3 ;
    %wait E_0x1f73f30;
    %load/v 8, v0x1f9cdf0_0, 5;
    %cmpi/u 8, 2, 5;
    %jmp/1 T_3.0, 6;
    %cmpi/u 8, 4, 5;
    %jmp/1 T_3.1, 6;
    %cmpi/u 8, 8, 5;
    %jmp/1 T_3.2, 6;
    %cmpi/u 8, 16, 5;
    %jmp/1 T_3.3, 6;
    %ix/load 0, 4, 0;
    %assign/v0 v0x1f9cee0_0, 0, 0;
    %ix/load 0, 4, 0;
    %assign/v0 v0x1f9cb30_0, 0, 0;
    %ix/load 0, 1, 0;
    %assign/v0 v0x1f9cc90_0, 0, 1;
    %jmp T_3.5;
T_3.0 ;
    %load/v 8, v0x1f9c9f0_0, 4; Only need 4 of 16 bits
; Save base=8 wid=4 in lookaside.
    %ix/load 0, 4, 0;
    %assign/v0 v0x1f9cee0_0, 0, 8;
    %movi 8, 1, 4;
    %ix/load 0, 4, 0;
    %assign/v0 v0x1f9cb30_0, 0, 8;
    %ix/load 0, 1, 0;
    %assign/v0 v0x1f9cc90_0, 0, 1;
    %jmp T_3.5;
T_3.1 ;
    %ix/load 1, 4, 0;
    %mov 4, 0, 1;
    %jmp/1 T_3.6, 4;
    %load/x1p 8, v0x1f9c9f0_0, 4;
    %jmp T_3.7;
T_3.6 ;
    %mov 8, 2, 4;
T_3.7 ;
; Save base=8 wid=4 in lookaside.
    %ix/load 0, 4, 0;
    %assign/v0 v0x1f9cee0_0, 0, 8;
    %movi 8, 2, 4;
    %ix/load 0, 4, 0;
    %assign/v0 v0x1f9cb30_0, 0, 8;
    %ix/load 0, 1, 0;
    %assign/v0 v0x1f9cc90_0, 0, 1;
    %jmp T_3.5;
T_3.2 ;
    %ix/load 1, 8, 0;
    %mov 4, 0, 1;
    %jmp/1 T_3.8, 4;
    %load/x1p 8, v0x1f9c9f0_0, 4;
    %jmp T_3.9;
T_3.8 ;
    %mov 8, 2, 4;
T_3.9 ;
; Save base=8 wid=4 in lookaside.
    %ix/load 0, 4, 0;
    %assign/v0 v0x1f9cee0_0, 0, 8;
    %movi 8, 4, 4;
    %ix/load 0, 4, 0;
    %assign/v0 v0x1f9cb30_0, 0, 8;
    %ix/load 0, 1, 0;
    %assign/v0 v0x1f9cc90_0, 0, 1;
    %jmp T_3.5;
T_3.3 ;
    %ix/load 1, 12, 0;
    %mov 4, 0, 1;
    %jmp/1 T_3.10, 4;
    %load/x1p 8, v0x1f9c9f0_0, 4;
    %jmp T_3.11;
T_3.10 ;
    %mov 8, 2, 4;
T_3.11 ;
; Save base=8 wid=4 in lookaside.
    %ix/load 0, 4, 0;
    %assign/v0 v0x1f9cee0_0, 0, 8;
    %movi 8, 8, 4;
    %ix/load 0, 4, 0;
    %assign/v0 v0x1f9cb30_0, 0, 8;
    %ix/load 0, 1, 0;
    %assign/v0 v0x1f9cc90_0, 0, 0;
    %jmp T_3.5;
T_3.5 ;
    %jmp T_3;
    .thread T_3, $push;
# The file index is used to find the file name in the following table.
:file_names 5;
    "N/A";
    "<interactive>";
    "top.v";
    "seg7_disp4.v";
    "seg7_decode.v";
